<?xml version="1.0" encoding="utf-8"?><testsuites><testsuite name="pytest" errors="0" failures="0" skipped="0" tests="4" time="16.214" timestamp="2025-01-14T00:04:16.851166-06:00" hostname="Uttams-MacBook-Air.local"><testcase classname="test_e2e.TestOne" name="test_e2e" time="9.016" /><testcase classname="test_form_submission_using_fixtures.TestFormSubmission" name="test_form_submission[get_data0]" time="6.915" /><testcase classname="test_form_submission_using_fixtures.TestFormSubmission" name="test_form_submission[get_data1]" time="0.097" /><testcase classname="test_form_submission_using_fixtures.TestFormSubmission" name="test_form_submission[get_data2]" time="0.164" /></testsuite></testsuites>